[2025-12-23 18:12:29,621: INFO: common: yaml file: config/config.yaml loaded successfully]
[2025-12-23 18:12:29,623: INFO: common: yaml file: params.yaml loaded successfully]
[2025-12-23 18:12:29,624: INFO: common: created directory at: artifacts]
[2025-12-23 18:12:29,624: INFO: common: created directory at: artifacts/data_ingestion]
[2025-12-23 18:13:01,676: INFO: common: yaml file: config/config.yaml loaded successfully]
[2025-12-23 18:13:01,676: INFO: common: yaml file: params.yaml loaded successfully]
[2025-12-23 18:13:01,677: INFO: common: created directory at: artifacts]
[2025-12-23 18:13:01,677: INFO: common: created directory at: artifacts/data_ingestion]
[2025-12-23 18:13:49,830: INFO: common: yaml file: config/config.yaml loaded successfully]
[2025-12-23 18:13:49,831: INFO: common: yaml file: params.yaml loaded successfully]
[2025-12-23 18:13:49,831: INFO: common: created directory at: artifacts]
[2025-12-23 18:13:49,831: INFO: common: created directory at: artifacts/data_ingestion]
[2025-12-23 18:14:15,534: INFO: common: yaml file: config/config.yaml loaded successfully]
[2025-12-23 18:14:15,534: INFO: common: yaml file: params.yaml loaded successfully]
[2025-12-23 18:14:15,535: INFO: common: created directory at: artifacts]
[2025-12-23 18:14:15,535: INFO: common: created directory at: artifacts/data_ingestion]
[2025-12-23 18:16:29,734: INFO: common: yaml file: config/config.yaml loaded successfully]
[2025-12-23 18:16:29,735: INFO: common: yaml file: params.yaml loaded successfully]
[2025-12-23 18:16:29,735: INFO: common: created directory at: artifacts]
[2025-12-23 18:16:29,736: INFO: common: created directory at: artifacts/data_ingestion]
[2025-12-23 18:17:13,711: INFO: common: yaml file: config/config.yaml loaded successfully]
[2025-12-23 18:17:13,712: INFO: common: yaml file: params.yaml loaded successfully]
[2025-12-23 18:17:13,712: INFO: common: created directory at: artifacts]
[2025-12-23 18:17:13,713: INFO: common: created directory at: artifacts/data_ingestion]
[2025-12-23 18:19:50,679: INFO: common: yaml file: config/config.yaml loaded successfully]
[2025-12-23 18:19:50,680: INFO: common: yaml file: params.yaml loaded successfully]
[2025-12-23 18:19:50,680: INFO: common: created directory at: artifacts]
[2025-12-23 18:19:50,681: INFO: common: created directory at: artifacts/data_ingestion]
[2025-12-23 18:19:51,907: INFO: 227420655: File is downloaded]
[2025-12-23 18:22:33,165: INFO: common: yaml file: config/config.yaml loaded successfully]
[2025-12-23 18:22:33,167: INFO: common: yaml file: params.yaml loaded successfully]
[2025-12-23 18:22:33,167: INFO: common: created directory at: artifacts]
[2025-12-23 18:22:33,168: INFO: common: created directory at: artifacts/data_ingestion]
[2025-12-23 18:22:36,149: INFO: 227420655: File is downloaded]
[2025-12-23 18:38:00,258: INFO: main: stage Data Ingestion stage initiated]
[2025-12-23 18:38:00,259: INFO: common: yaml file: config/config.yaml loaded successfully]
[2025-12-23 18:38:00,260: INFO: common: yaml file: params.yaml loaded successfully]
[2025-12-23 18:38:00,260: INFO: common: created directory at: artifacts]
[2025-12-23 18:38:00,260: INFO: common: created directory at: artifacts/data_ingestion]
[2025-12-23 18:38:03,532: INFO: data_ingestion: File is downloaded]
[2025-12-23 18:38:03,617: INFO: main: Stage Data Ingestion stage Completed]
